plugin.started%5B%5D=1322506956219%3APydev_2.2.3.2011100616
plugin.started%5B%5D=1322508358689%3APydev_2.2.3.2011100616
plugin.started%5B%5D=1322508520867%3APydev_2.2.3.2011100616
plugin.started%5B%5D=1322514589449%3APydev_2.2.3.2011100616
plugin.started%5B%5D=1322517450247%3APydev_2.2.3.2011100616
plugin.started%5B%5D=1322549185880%3APydev_2.2.3.2011100616
plugin.started%5B%5D=1322583808618%3APydev_2.2.3.2011100616
plugin.started%5B%5D=1322600969689%3APydev_2.2.3.2011100616
editor.opened%5B%5D=1322603119341%3APydevEditor_2.2.3.2011100616
editor.opened%5B%5D=1322603124439%3APydevEditor_2.2.3.2011100616
plugin.started%5B%5D=1322605811669%3APydev_2.2.3.2011100616
plugin.started%5B%5D=1322635984966%3APydev_2.2.3.2011100616
plugin.started%5B%5D=1322670808374%3APydev_2.2.3.2011100616
editor.opened%5B%5D=1322678650892%3APydevEditor_2.2.3.2011100616
editor.opened%5B%5D=1322678669823%3APydevEditor_2.2.3.2011100616
plugin.started%5B%5D=1322745703462%3APydev_2.2.3.2011100616
plugin.started%5B%5D=1322749320686%3APydev_2.2.3.2011100616
<<<<<<< HEAD
plugin.started%5B%5D=1323006042635%3APydev_2.2.3.2011100616
plugin.started%5B%5D=1323032815788%3APydev_2.2.3.2011100616
plugin.started%5B%5D=1323115799367%3APydev_2.2.3.2011100616
plugin.started%5B%5D=1323155389672%3APydev_2.2.3.2011100616
plugin.started%5B%5D=1323241190427%3APydev_2.2.3.2011100616
plugin.started%5B%5D=1323340560884%3APydev_2.2.3.2011100616
plugin.started%5B%5D=1323450419952%3APydev_2.2.3.2011100616
plugin.started%5B%5D=1323518528625%3APydev_2.2.3.2011100616
plugin.started%5B%5D=1323541681194%3APydev_2.2.3.2011100616
plugin.started%5B%5D=1323636460613%3APydev_2.2.3.2011100616
plugin.started%5B%5D=1323678813546%3APydev_2.2.3.2011100616
plugin.started%5B%5D=1323707882632%3APydev_2.2.3.2011100616
plugin.started%5B%5D=1323723833493%3APydev_2.2.3.2011100616
=======
>>>>>>> ab09edaaba59a3e337c0735bdc0bd0224ad31e90
plugin.started%5B%5D=1323780432431%3APydev_2.2.3.2011100616
plugin.started%5B%5D=1323780589270%3APydev_2.2.3.2011100616
plugin.started%5B%5D=1323793165135%3APydev_2.2.3.2011100616
plugin.started%5B%5D=1323798321135%3APydev_2.2.3.2011100616
plugin.started%5B%5D=1323813391742%3APydev_2.2.3.2011100616
plugin.started%5B%5D=1323879359681%3APydev_2.2.3.2011100616
plugin.started%5B%5D=1323933648419%3APydev_2.2.3.2011100616
plugin.started%5B%5D=1323956109000%3APydev_2.2.3.2011100616
plugin.started%5B%5D=1324019152650%3APydev_2.2.3.2011100616
plugin.started%5B%5D=1324051109468%3APydev_2.2.3.2011100616
plugin.started%5B%5D=1324136621979%3APydev_2.2.3.2011100616
plugin.started%5B%5D=1324214973641%3APydev_2.2.3.2011100616
plugin.started%5B%5D=1324240565930%3APydev_2.2.3.2011100616
plugin.started%5B%5D=1324290425242%3APydev_2.2.3.2011100616
plugin.started%5B%5D=1324365460158%3APydev_2.2.3.2011100616
plugin.started%5B%5D=1324381233127%3APydev_2.2.3.2011100616
plugin.started%5B%5D=1324485967099%3APydev_2.2.3.2011100616
plugin.started%5B%5D=1324948081220%3APydev_2.2.3.2011100616
plugin.started%5B%5D=1324949534602%3APydev_2.2.3.2011100616
plugin.started%5B%5D=1324949571662%3APydev_2.2.3.2011100616
plugin.started%5B%5D=1324949707023%3APydev_2.2.3.2011100616
plugin.started%5B%5D=1324988872151%3APydev_2.2.3.2011100616
plugin.started%5B%5D=1325005365532%3APydev_2.2.3.2011100616
plugin.started%5B%5D=1325088441955%3APydev_2.2.3.2011100616
plugin.started%5B%5D=1325350434639%3APydev_2.2.3.2011100616
plugin.started%5B%5D=1325379269013%3APydev_2.2.3.2011100616
editor.opened%5B%5D=1325390059333%3APydevEditor_2.2.3.2011100616
editor.opened%5B%5D=1325416544979%3APydevEditor_2.2.3.2011100616
plugin.started%5B%5D=1325416562197%3APydev_2.2.3.2011100616
plugin.started%5B%5D=1325539206902%3APydev_2.3.0.2011121518
plugin.started%5B%5D=1325540170308%3APydev_2.3.0.2011121518
plugin.started%5B%5D=1325540286528%3APydev_2.3.0.2011121518
plugin.started%5B%5D=1325565134857%3APydev_2.3.0.2011121518
plugin.started%5B%5D=1325801072632%3APydev_2.3.0.2011121518
plugin.started%5B%5D=1325893550769%3APydev_2.3.0.2011121518
